(0.005s) Preparing data...
(0.262s) Preparing model...
(4.143s) Beginning training session...
(E1 20.903s T)	[0/2975 (0%)]	Loss: 3.397488	Score:  0.729%
(E1 33.568s T)	[16/2975 (1%)]	Loss: 3.370709	Score:  30.826%
(E1 34.108s T)	[32/2975 (1%)]	Loss: 3.342603	Score:  32.141%
(E1 34.646s T)	[48/2975 (2%)]	Loss: 3.236710	Score:  32.057%
(E1 35.162s T)	[64/2975 (2%)]	Loss: 2.697357	Score:  33.121%
(E1 35.684s T)	[80/2975 (3%)]	Loss: 11.403866	Score:  34.478%
(E1 36.202s T)	[96/2975 (3%)]	Loss: 2.849620	Score:  22.271%
(E1 36.735s T)	[112/2975 (4%)]	Loss: 2.973670	Score:  13.420%
(E1 37.268s T)	[128/2975 (4%)]	Loss: 3.149611	Score:  19.872%
(E1 37.802s T)	[144/2975 (5%)]	Loss: 3.224153	Score:  15.992%
(E1 38.326s T)	[160/2975 (5%)]	Loss: 3.266149	Score:  13.003%
(E1 38.879s T)	[176/2975 (6%)]	Loss: 3.245559	Score:  18.844%
(E1 39.426s T)	[192/2975 (6%)]	Loss: 3.252928	Score:  14.003%
(E1 39.962s T)	[208/2975 (7%)]	Loss: 3.248042	Score:  15.075%
(E1 40.495s T)	[224/2975 (8%)]	Loss: 3.223551	Score:  22.536%
(E1 41.048s T)	[240/2975 (8%)]	Loss: 3.217947	Score:  19.737%
(E1 41.564s T)	[256/2975 (9%)]	Loss: 3.219773	Score:  16.148%
(E1 42.108s T)	[272/2975 (9%)]	Loss: 3.205590	Score:  13.927%
(E1 42.641s T)	[288/2975 (10%)]	Loss: 3.173994	Score:  18.381%
(E1 43.168s T)	[304/2975 (10%)]	Loss: 3.142102	Score:  18.974%
(E1 43.715s T)	[320/2975 (11%)]	Loss: 3.123313	Score:  17.518%
(E1 45.121s T)	[336/2975 (11%)]	Loss: 3.039848	Score:  23.370%
(E1 45.627s T)	[352/2975 (12%)]	Loss: 3.062481	Score:  15.394%
(E1 46.141s T)	[368/2975 (12%)]	Loss: 2.952300	Score:  19.576%
(E1 46.668s T)	[384/2975 (13%)]	Loss: 2.975162	Score:  15.471%
(E1 47.201s T)	[400/2975 (13%)]	Loss: 2.811272	Score:  21.828%
(E1 47.741s T)	[416/2975 (14%)]	Loss: 2.863763	Score:  19.779%
(E1 48.277s T)	[432/2975 (15%)]	Loss: 2.574791	Score:  32.253%
(E1 48.814s T)	[448/2975 (15%)]	Loss: 2.708187	Score:  7.660%
(E1 49.356s T)	[464/2975 (16%)]	Loss: 2.859890	Score:  7.088%
(E1 49.869s T)	[480/2975 (16%)]	Loss: 2.892061	Score:  7.325%
(E1 50.395s T)	[496/2975 (17%)]	Loss: 2.867700	Score:  14.523%
(E1 50.974s T)	[512/2975 (17%)]	Loss: 2.877659	Score:  13.918%
(E1 51.501s T)	[528/2975 (18%)]	Loss: 2.813705	Score:  17.239%
(E1 52.022s T)	[544/2975 (18%)]	Loss: 2.783367	Score:  15.882%
(E1 52.567s T)	[560/2975 (19%)]	Loss: 2.761000	Score:  14.480%
(E1 53.104s T)	[576/2975 (19%)]	Loss: 2.711244	Score:  11.765%
(E1 53.639s T)	[592/2975 (20%)]	Loss: 2.736686	Score:  11.241%
(E1 54.193s T)	[608/2975 (20%)]	Loss: 2.537526	Score:  8.279%
(E1 54.732s T)	[624/2975 (21%)]	Loss: 2.474204	Score:  28.121%
(E1 55.269s T)	[640/2975 (22%)]	Loss: 2.302430	Score:  34.255%
(E1 56.616s T)	[656/2975 (22%)]	Loss: 2.406199	Score:  32.249%
(E1 57.141s T)	[672/2975 (23%)]	Loss: 2.425789	Score:  33.261%
(E1 57.656s T)	[688/2975 (23%)]	Loss: 2.316381	Score:  34.937%
(E1 58.200s T)	[704/2975 (24%)]	Loss: 2.467700	Score:  31.758%
(E1 58.740s T)	[720/2975 (24%)]	Loss: 2.367955	Score:  35.529%
(E1 59.260s T)	[736/2975 (25%)]	Loss: 2.429760	Score:  34.032%
(E1 59.798s T)	[752/2975 (25%)]	Loss: 2.603052	Score:  27.496%
(E1 60.317s T)	[768/2975 (26%)]	Loss: 2.388389	Score:  33.163%
(E1 60.844s T)	[784/2975 (26%)]	Loss: 2.581547	Score:  30.044%
(E1 61.362s T)	[800/2975 (27%)]	Loss: 2.482325	Score:  32.027%
(E1 61.908s T)	[816/2975 (27%)]	Loss: 2.330629	Score:  35.294%
(E1 62.447s T)	[832/2975 (28%)]	Loss: 2.498557	Score:  29.300%
(E1 62.988s T)	[848/2975 (28%)]	Loss: 2.357845	Score:  29.190%
(E1 63.528s T)	[864/2975 (29%)]	Loss: 2.454331	Score:  32.751%
(E1 64.057s T)	[880/2975 (30%)]	Loss: 2.263512	Score:  36.411%
(E1 64.595s T)	[896/2975 (30%)]	Loss: 2.390583	Score:  33.919%
(E1 65.124s T)	[912/2975 (31%)]	Loss: 2.383938	Score:  31.207%
(E1 65.655s T)	[928/2975 (31%)]	Loss: 2.368979	Score:  34.366%
(E1 66.179s T)	[944/2975 (32%)]	Loss: 2.390194	Score:  31.289%
(E1 66.742s T)	[960/2975 (32%)]	Loss: 2.489218	Score:  33.026%
(E1 68.143s T)	[976/2975 (33%)]	Loss: 2.476932	Score:  30.801%
(E1 68.646s T)	[992/2975 (33%)]	Loss: 2.197651	Score:  36.658%
(E1 69.150s T)	[1008/2975 (34%)]	Loss: 2.329036	Score:  33.258%
(E1 69.684s T)	[1024/2975 (34%)]	Loss: 2.415377	Score:  33.080%
(E1 70.241s T)	[1040/2975 (35%)]	Loss: 2.341462	Score:  40.658%
(E1 70.760s T)	[1056/2975 (35%)]	Loss: 2.328628	Score:  35.305%
(E1 71.297s T)	[1072/2975 (36%)]	Loss: 2.397175	Score:  32.022%
(E1 71.836s T)	[1088/2975 (37%)]	Loss: 2.362647	Score:  40.499%
(E1 72.348s T)	[1104/2975 (37%)]	Loss: 2.270121	Score:  37.244%
(E1 72.870s T)	[1120/2975 (38%)]	Loss: 2.309023	Score:  33.761%
(E1 73.415s T)	[1136/2975 (38%)]	Loss: 2.152511	Score:  39.446%
(E1 73.961s T)	[1152/2975 (39%)]	Loss: 2.256873	Score:  37.959%
(E1 74.521s T)	[1168/2975 (39%)]	Loss: 2.094936	Score:  43.729%
(E1 75.060s T)	[1184/2975 (40%)]	Loss: 2.299817	Score:  36.756%
(E1 75.600s T)	[1200/2975 (40%)]	Loss: 2.165806	Score:  37.635%
(E1 76.128s T)	[1216/2975 (41%)]	Loss: 2.286799	Score:  38.059%
(E1 76.668s T)	[1232/2975 (41%)]	Loss: 2.315487	Score:  36.945%
(E1 77.202s T)	[1248/2975 (42%)]	Loss: 2.296679	Score:  34.863%
(E1 77.748s T)	[1264/2975 (42%)]	Loss: 2.188250	Score:  35.584%
(E1 78.295s T)	[1280/2975 (43%)]	Loss: 2.316332	Score:  34.032%
(E1 79.682s T)	[1296/2975 (44%)]	Loss: 2.255829	Score:  39.108%
(E1 80.209s T)	[1312/2975 (44%)]	Loss: 2.182308	Score:  39.663%
(E1 80.720s T)	[1328/2975 (45%)]	Loss: 2.093191	Score:  38.973%
(E1 81.257s T)	[1344/2975 (45%)]	Loss: 2.343815	Score:  35.170%
(E1 81.774s T)	[1360/2975 (46%)]	Loss: 2.028165	Score:  42.013%
(E1 82.306s T)	[1376/2975 (46%)]	Loss: 2.116895	Score:  42.081%
(E1 82.817s T)	[1392/2975 (47%)]	Loss: 2.038017	Score:  41.989%
(E1 83.340s T)	[1408/2975 (47%)]	Loss: 2.149952	Score:  38.417%
(E1 83.888s T)	[1424/2975 (48%)]	Loss: 2.038628	Score:  44.853%
(E1 84.414s T)	[1440/2975 (48%)]	Loss: 2.092573	Score:  43.881%
(E1 84.967s T)	[1456/2975 (49%)]	Loss: 2.051378	Score:  45.000%
(E1 85.528s T)	[1472/2975 (49%)]	Loss: 2.071315	Score:  42.557%
(E1 86.051s T)	[1488/2975 (50%)]	Loss: 2.189523	Score:  38.035%
(E1 86.600s T)	[1504/2975 (51%)]	Loss: 2.103377	Score:  44.383%
(E1 87.148s T)	[1520/2975 (51%)]	Loss: 2.273111	Score:  36.569%
(E1 87.695s T)	[1536/2975 (52%)]	Loss: 2.128462	Score:  44.271%
(E1 88.243s T)	[1552/2975 (52%)]	Loss: 2.039929	Score:  40.973%
(E1 88.773s T)	[1568/2975 (53%)]	Loss: 2.113420	Score:  40.972%
(E1 89.315s T)	[1584/2975 (53%)]	Loss: 1.944106	Score:  47.250%
(E1 89.855s T)	[1600/2975 (54%)]	Loss: 2.160463	Score:  42.697%
(E1 91.209s T)	[1616/2975 (54%)]	Loss: 2.105669	Score:  44.649%
(E1 91.741s T)	[1632/2975 (55%)]	Loss: 1.980306	Score:  43.196%
(E1 92.244s T)	[1648/2975 (55%)]	Loss: 2.023656	Score:  44.679%
(E1 92.773s T)	[1664/2975 (56%)]	Loss: 1.989361	Score:  42.022%
(E1 93.307s T)	[1680/2975 (56%)]	Loss: 2.170549	Score:  44.062%
(E1 93.838s T)	[1696/2975 (57%)]	Loss: 2.137295	Score:  42.874%
(E1 94.371s T)	[1712/2975 (58%)]	Loss: 2.078810	Score:  42.114%
(E1 94.922s T)	[1728/2975 (58%)]	Loss: 1.927379	Score:  46.718%
(E1 95.451s T)	[1744/2975 (59%)]	Loss: 1.975024	Score:  42.939%
(E1 95.982s T)	[1760/2975 (59%)]	Loss: 2.048804	Score:  41.464%
(E1 96.511s T)	[1776/2975 (60%)]	Loss: 1.890503	Score:  45.251%
(E1 97.040s T)	[1792/2975 (60%)]	Loss: 1.954525	Score:  48.497%
(E1 97.576s T)	[1808/2975 (61%)]	Loss: 2.014159	Score:  45.387%
(E1 98.108s T)	[1824/2975 (61%)]	Loss: 1.923740	Score:  46.692%
(E1 98.655s T)	[1840/2975 (62%)]	Loss: 1.937787	Score:  50.759%
(E1 99.185s T)	[1856/2975 (62%)]	Loss: 1.903039	Score:  48.378%
(E1 99.717s T)	[1872/2975 (63%)]	Loss: 2.006052	Score:  45.738%
(E1 100.258s T)	[1888/2975 (63%)]	Loss: 2.054946	Score:  42.404%
(E1 100.815s T)	[1904/2975 (64%)]	Loss: 2.005450	Score:  46.686%
(E1 101.360s T)	[1920/2975 (65%)]	Loss: 1.984136	Score:  44.726%
(E1 102.722s T)	[1936/2975 (65%)]	Loss: 1.818748	Score:  49.144%
(E1 103.218s T)	[1952/2975 (66%)]	Loss: 1.940351	Score:  49.936%
(E1 103.695s T)	[1968/2975 (66%)]	Loss: 2.053177	Score:  45.875%
(E1 104.174s T)	[1984/2975 (67%)]	Loss: 1.949431	Score:  47.003%
(E1 104.651s T)	[2000/2975 (67%)]	Loss: 1.945282	Score:  44.444%
(E1 105.128s T)	[2016/2975 (68%)]	Loss: 2.005677	Score:  45.678%
(E1 105.605s T)	[2032/2975 (68%)]	Loss: 2.049378	Score:  46.723%
(E1 106.083s T)	[2048/2975 (69%)]	Loss: 2.048188	Score:  42.716%
(E1 106.560s T)	[2064/2975 (69%)]	Loss: 2.264119	Score:  33.865%
(E1 107.058s T)	[2080/2975 (70%)]	Loss: 2.211885	Score:  41.999%
(E1 107.535s T)	[2096/2975 (70%)]	Loss: 1.967559	Score:  44.610%
(E1 108.013s T)	[2112/2975 (71%)]	Loss: 1.986898	Score:  45.024%
(E1 108.490s T)	[2128/2975 (72%)]	Loss: 1.937031	Score:  47.094%
(E1 108.967s T)	[2144/2975 (72%)]	Loss: 1.893732	Score:  47.280%
(E1 109.444s T)	[2160/2975 (73%)]	Loss: 1.902870	Score:  45.917%
(E1 109.921s T)	[2176/2975 (73%)]	Loss: 1.925144	Score:  46.699%
(E1 110.398s T)	[2192/2975 (74%)]	Loss: 1.924386	Score:  49.173%
(E1 110.875s T)	[2208/2975 (74%)]	Loss: 2.156146	Score:  41.404%
(E1 111.352s T)	[2224/2975 (75%)]	Loss: 1.826554	Score:  51.150%
(E1 111.829s T)	[2240/2975 (75%)]	Loss: 2.312355	Score:  44.808%
(E1 112.753s T)	[2256/2975 (76%)]	Loss: 2.027553	Score:  44.277%
(E1 113.230s T)	[2272/2975 (76%)]	Loss: 2.058304	Score:  39.769%
(E1 113.707s T)	[2288/2975 (77%)]	Loss: 1.954256	Score:  45.939%
(E1 114.184s T)	[2304/2975 (77%)]	Loss: 1.898057	Score:  50.989%
(E1 114.662s T)	[2320/2975 (78%)]	Loss: 1.913832	Score:  50.485%
(E1 115.139s T)	[2336/2975 (78%)]	Loss: 1.969449	Score:  46.635%
(E1 115.616s T)	[2352/2975 (79%)]	Loss: 1.815560	Score:  50.570%
(E1 116.093s T)	[2368/2975 (80%)]	Loss: 1.981551	Score:  47.101%
(E1 116.570s T)	[2384/2975 (80%)]	Loss: 1.894571	Score:  47.985%
(E1 117.047s T)	[2400/2975 (81%)]	Loss: 1.926001	Score:  48.866%
(E1 117.524s T)	[2416/2975 (81%)]	Loss: 1.908808	Score:  48.851%
(E1 118.001s T)	[2432/2975 (82%)]	Loss: 1.778781	Score:  51.810%
(E1 118.478s T)	[2448/2975 (82%)]	Loss: 1.832266	Score:  50.232%
(E1 118.955s T)	[2464/2975 (83%)]	Loss: 2.059527	Score:  44.217%
(E1 119.432s T)	[2480/2975 (83%)]	Loss: 1.866565	Score:  50.622%
(E1 119.908s T)	[2496/2975 (84%)]	Loss: 2.007751	Score:  50.427%
(E1 120.385s T)	[2512/2975 (84%)]	Loss: 2.021028	Score:  44.717%
(E1 120.862s T)	[2528/2975 (85%)]	Loss: 1.890350	Score:  44.943%
(E1 121.339s T)	[2544/2975 (85%)]	Loss: 1.858798	Score:  48.276%
(E1 121.816s T)	[2560/2975 (86%)]	Loss: 1.762896	Score:  52.880%
(E1 122.737s T)	[2576/2975 (87%)]	Loss: 1.818304	Score:  50.686%
(E1 123.214s T)	[2592/2975 (87%)]	Loss: 2.039401	Score:  46.209%
(E1 123.691s T)	[2608/2975 (88%)]	Loss: 1.882993	Score:  46.678%
(E1 124.168s T)	[2624/2975 (88%)]	Loss: 1.769496	Score:  48.981%
(E1 124.645s T)	[2640/2975 (89%)]	Loss: 1.868829	Score:  49.861%
(E1 125.122s T)	[2656/2975 (89%)]	Loss: 1.814017	Score:  51.903%
(E1 125.598s T)	[2672/2975 (90%)]	Loss: 2.041376	Score:  45.694%
(E1 126.075s T)	[2688/2975 (90%)]	Loss: 1.847581	Score:  48.938%
(E1 126.552s T)	[2704/2975 (91%)]	Loss: 1.915016	Score:  48.713%
(E1 127.029s T)	[2720/2975 (91%)]	Loss: 1.942617	Score:  48.439%
(E1 127.506s T)	[2736/2975 (92%)]	Loss: 2.032828	Score:  44.556%
(E1 127.983s T)	[2752/2975 (92%)]	Loss: 1.983601	Score:  48.734%
(E1 128.460s T)	[2768/2975 (93%)]	Loss: 1.946170	Score:  48.009%
(E1 128.937s T)	[2784/2975 (94%)]	Loss: 2.123712	Score:  43.945%
(E1 129.414s T)	[2800/2975 (94%)]	Loss: 1.811311	Score:  50.626%
(E1 129.891s T)	[2816/2975 (95%)]	Loss: 1.835920	Score:  50.383%
(E1 130.368s T)	[2832/2975 (95%)]	Loss: 1.903418	Score:  51.331%
(E1 130.845s T)	[2848/2975 (96%)]	Loss: 1.997948	Score:  46.921%
(E1 131.322s T)	[2864/2975 (96%)]	Loss: 1.847783	Score:  50.353%
(E1 131.799s T)	[2880/2975 (97%)]	Loss: 2.052485	Score:  47.160%
(E1 132.723s T)	[2896/2975 (97%)]	Loss: 1.905331	Score:  50.325%
(E1 133.201s T)	[2912/2975 (98%)]	Loss: 1.749096	Score:  53.500%
(E1 133.678s T)	[2928/2975 (98%)]	Loss: 1.889195	Score:  50.154%
(E1 134.155s T)	[2944/2975 (99%)]	Loss: 1.969357	Score:  47.004%
(E1 134.605s T)	[2775/2975 (99%)]	Loss: 1.800865	Score:  52.763%
(E1 150.207s V)	[0/1000 (0%)]	Loss: 1.855040	Score:  53.556%
(E1 150.392s V)	[16/1000 (2%)]	Loss: 1.849509	Score:  52.495%
(E1 150.556s V)	[32/1000 (3%)]	Loss: 1.832278	Score:  54.024%
(E1 150.724s V)	[48/1000 (5%)]	Loss: 1.964264	Score:  51.008%
(E1 150.888s V)	[64/1000 (6%)]	Loss: 1.722085	Score:  57.380%
(E1 151.052s V)	[80/1000 (8%)]	Loss: 1.916732	Score:  51.636%
(E1 151.216s V)	[96/1000 (9%)]	Loss: 1.717454	Score:  54.168%
(E1 151.380s V)	[112/1000 (11%)]	Loss: 1.675016	Score:  56.038%
(E1 151.545s V)	[128/1000 (12%)]	Loss: 1.717563	Score:  55.525%
(E1 151.708s V)	[144/1000 (14%)]	Loss: 1.697671	Score:  54.511%
(E1 151.872s V)	[160/1000 (16%)]	Loss: 1.863655	Score:  50.156%
(E1 152.036s V)	[176/1000 (17%)]	Loss: 1.685993	Score:  55.999%
(E1 152.201s V)	[192/1000 (19%)]	Loss: 1.805715	Score:  52.547%
(E1 152.366s V)	[208/1000 (20%)]	Loss: 1.678727	Score:  56.126%
(E1 152.531s V)	[224/1000 (22%)]	Loss: 1.884820	Score:  52.922%
(E1 152.696s V)	[240/1000 (23%)]	Loss: 1.631386	Score:  57.514%
(E1 152.861s V)	[256/1000 (25%)]	Loss: 1.758103	Score:  53.194%
(E1 153.026s V)	[272/1000 (27%)]	Loss: 1.691303	Score:  56.047%
(E1 153.191s V)	[288/1000 (28%)]	Loss: 1.770927	Score:  52.370%
(E1 153.356s V)	[304/1000 (30%)]	Loss: 1.884132	Score:  50.580%
(E1 153.946s V)	[320/1000 (31%)]	Loss: 1.627317	Score:  58.194%
(E1 154.129s V)	[336/1000 (33%)]	Loss: 1.800528	Score:  50.660%
(E1 154.293s V)	[352/1000 (34%)]	Loss: 1.871242	Score:  51.396%
(E1 154.458s V)	[368/1000 (36%)]	Loss: 2.017270	Score:  51.161%
(E1 154.623s V)	[384/1000 (38%)]	Loss: 1.747466	Score:  53.330%
(E1 154.788s V)	[400/1000 (39%)]	Loss: 1.748078	Score:  52.854%
(E1 154.954s V)	[416/1000 (41%)]	Loss: 1.764177	Score:  54.010%
(E1 155.119s V)	[432/1000 (42%)]	Loss: 1.690106	Score:  57.315%
(E1 155.284s V)	[448/1000 (44%)]	Loss: 1.677598	Score:  56.106%
(E1 155.448s V)	[464/1000 (45%)]	Loss: 1.941668	Score:  51.344%
(E1 155.613s V)	[480/1000 (47%)]	Loss: 1.709120	Score:  55.502%
(E1 155.659s V)	[124/1000 (48%)]	Loss: 1.872001	Score:  52.234%
(E1 170.501s V)	[512/1000 (50%)]	Loss: 1.729914	Score:  54.534%
(E1 170.855s V)	[528/1000 (52%)]	Loss: 1.836758	Score:  52.326%
(E1 171.021s V)	[544/1000 (53%)]	Loss: 1.738354	Score:  54.455%
(E1 171.186s V)	[560/1000 (55%)]	Loss: 1.828973	Score:  52.385%
(E1 171.350s V)	[576/1000 (56%)]	Loss: 1.901723	Score:  50.461%
(E1 171.517s V)	[592/1000 (58%)]	Loss: 1.767258	Score:  54.924%
(E1 171.682s V)	[608/1000 (59%)]	Loss: 1.538830	Score:  59.659%
(E1 171.846s V)	[624/1000 (61%)]	Loss: 1.749619	Score:  54.689%
(E1 172.448s V)	[640/1000 (62%)]	Loss: 1.782478	Score:  53.239%
(E1 172.630s V)	[656/1000 (64%)]	Loss: 1.782604	Score:  52.918%
(E1 172.794s V)	[672/1000 (66%)]	Loss: 1.828894	Score:  54.223%
(E1 172.958s V)	[688/1000 (67%)]	Loss: 1.676607	Score:  56.509%
(E1 173.122s V)	[704/1000 (69%)]	Loss: 1.889829	Score:  50.440%
(E1 173.287s V)	[720/1000 (70%)]	Loss: 1.995837	Score:  51.225%
(E1 173.452s V)	[736/1000 (72%)]	Loss: 1.843483	Score:  52.723%
(E1 173.617s V)	[752/1000 (73%)]	Loss: 1.811044	Score:  55.199%
(E1 173.781s V)	[768/1000 (75%)]	Loss: 1.723742	Score:  55.202%
(E1 173.947s V)	[784/1000 (77%)]	Loss: 1.708446	Score:  57.326%
(E1 174.112s V)	[800/1000 (78%)]	Loss: 1.746626	Score:  54.023%
(E1 174.278s V)	[816/1000 (80%)]	Loss: 1.870826	Score:  51.225%
(E1 174.442s V)	[832/1000 (81%)]	Loss: 1.725134	Score:  53.722%
(E1 174.607s V)	[848/1000 (83%)]	Loss: 1.803340	Score:  54.584%
(E1 174.772s V)	[864/1000 (84%)]	Loss: 1.766315	Score:  54.144%
(E1 174.937s V)	[880/1000 (86%)]	Loss: 1.852203	Score:  52.410%
(E1 175.103s V)	[896/1000 (88%)]	Loss: 1.710326	Score:  55.161%
(E1 175.267s V)	[912/1000 (89%)]	Loss: 1.845343	Score:  52.488%
(E1 175.433s V)	[928/1000 (91%)]	Loss: 1.877346	Score:  51.806%
(E1 175.599s V)	[944/1000 (92%)]	Loss: 1.719506	Score:  54.457%
(E1 176.194s V)	[960/1000 (94%)]	Loss: 1.811121	Score:  51.634%
(E1 176.381s V)	[976/1000 (95%)]	Loss: 1.673743	Score:  55.221%
(E1 176.546s V)	[992/1000 (97%)]	Loss: 1.694702	Score:  55.449%
(E1 176.592s V)	[252/1000 (98%)]	Loss: 1.647952	Score:  58.208%

Test set: Average loss: 1.7804, Score: (53.89%)

Saving the model serialization to /home/mb385130/task2/model-epoch-0
(E2 192.607s T)	[0/2975 (0%)]	Loss: 1.749054	Score:  53.886%
(E2 193.556s T)	[16/2975 (1%)]	Loss: 3.876521	Score:  9.957%
(E2 194.604s T)	[32/2975 (1%)]	Loss: 2.118195	Score:  47.498%
(E2 195.601s T)	[48/2975 (2%)]	Loss: 1.927199	Score:  50.837%
(E2 196.516s T)	[64/2975 (2%)]	Loss: 2.166730	Score:  46.340%
(E2 197.459s T)	[80/2975 (3%)]	Loss: 2.122158	Score:  42.183%
(E2 198.492s T)	[96/2975 (3%)]	Loss: 2.107721	Score:  42.224%
(E2 199.401s T)	[112/2975 (4%)]	Loss: 1.942935	Score:  44.450%
(E2 200.448s T)	[128/2975 (4%)]	Loss: 2.074589	Score:  47.974%
(E2 201.416s T)	[144/2975 (5%)]	Loss: 2.070549	Score:  46.677%
(E2 202.438s T)	[160/2975 (5%)]	Loss: 2.132051	Score:  44.399%
(E2 203.468s T)	[176/2975 (6%)]	Loss: 1.957576	Score:  45.970%
(E2 204.370s T)	[192/2975 (6%)]	Loss: 2.097535	Score:  42.179%
(E2 205.372s T)	[208/2975 (7%)]	Loss: 1.967775	Score:  45.067%
(E2 206.357s T)	[224/2975 (8%)]	Loss: 1.955262	Score:  47.404%
(E2 213.321s T)	[240/2975 (8%)]	Loss: 1.808088	Score:  52.548%
(E2 213.826s T)	[256/2975 (9%)]	Loss: 2.181603	Score:  45.175%
(E2 214.327s T)	[272/2975 (9%)]	Loss: 1.944057	Score:  50.635%
(E2 214.877s T)	[288/2975 (10%)]	Loss: 1.923478	Score:  48.543%
(E2 215.406s T)	[304/2975 (10%)]	Loss: 1.858762	Score:  50.290%
(E2 215.938s T)	[320/2975 (11%)]	Loss: 2.072830	Score:  47.077%
(E2 216.497s T)	[336/2975 (11%)]	Loss: 1.916953	Score:  48.977%
(E2 217.011s T)	[352/2975 (12%)]	Loss: 1.974769	Score:  45.509%
(E2 217.537s T)	[368/2975 (12%)]	Loss: 2.100482	Score:  44.933%
(E2 218.051s T)	[384/2975 (13%)]	Loss: 1.766393	Score:  50.923%
(E2 218.586s T)	[400/2975 (13%)]	Loss: 1.821405	Score:  54.445%
(E2 219.115s T)	[416/2975 (14%)]	Loss: 1.780415	Score:  55.793%
(E2 219.645s T)	[432/2975 (15%)]	Loss: 1.839167	Score:  49.806%
(E2 220.188s T)	[448/2975 (15%)]	Loss: 1.878347	Score:  46.925%
(E2 220.727s T)	[464/2975 (16%)]	Loss: 1.789382	Score:  51.352%
(E2 221.296s T)	[480/2975 (16%)]	Loss: 1.873225	Score:  47.250%
(E2 221.818s T)	[496/2975 (17%)]	Loss: 1.863797	Score:  46.169%
(E2 222.364s T)	[512/2975 (17%)]	Loss: 1.755778	Score:  53.658%
(E2 222.900s T)	[528/2975 (18%)]	Loss: 2.049756	Score:  47.679%
(E2 223.427s T)	[544/2975 (18%)]	Loss: 1.941860	Score:  52.420%
(E2 224.780s T)	[560/2975 (19%)]	Loss: 1.863677	Score:  48.999%
(E2 225.301s T)	[576/2975 (19%)]	Loss: 1.860728	Score:  53.993%
(E2 225.807s T)	[592/2975 (20%)]	Loss: 2.056241	Score:  46.841%
(E2 226.342s T)	[608/2975 (20%)]	Loss: 1.777262	Score:  51.900%
(E2 226.858s T)	[624/2975 (21%)]	Loss: 1.790262	Score:  50.864%
(E2 227.406s T)	[640/2975 (22%)]	Loss: 1.843538	Score:  49.883%
(E2 227.919s T)	[656/2975 (22%)]	Loss: 1.861502	Score:  51.977%
(E2 228.446s T)	[672/2975 (23%)]	Loss: 1.831579	Score:  52.297%
(E2 228.956s T)	[688/2975 (23%)]	Loss: 1.880717	Score:  51.981%
(E2 229.483s T)	[704/2975 (24%)]	Loss: 1.714873	Score:  53.903%
(E2 230.022s T)	[720/2975 (24%)]	Loss: 1.772325	Score:  53.549%
(E2 230.574s T)	[736/2975 (25%)]	Loss: 1.833582	Score:  51.992%
(E2 231.114s T)	[752/2975 (25%)]	Loss: 1.743842	Score:  50.193%
(E2 231.653s T)	[768/2975 (26%)]	Loss: 1.907587	Score:  54.244%
(E2 232.179s T)	[784/2975 (26%)]	Loss: 1.736725	Score:  55.684%
(E2 232.715s T)	[800/2975 (27%)]	Loss: 1.755474	Score:  51.059%
(E2 233.255s T)	[816/2975 (27%)]	Loss: 1.794326	Score:  47.849%
(E2 233.800s T)	[832/2975 (28%)]	Loss: 1.678133	Score:  56.855%
(E2 234.354s T)	[848/2975 (28%)]	Loss: 1.749589	Score:  52.335%
(E2 234.897s T)	[864/2975 (29%)]	Loss: 1.684675	Score:  54.840%
(E2 236.219s T)	[880/2975 (30%)]	Loss: 1.974726	Score:  47.496%
(E2 236.746s T)	[896/2975 (30%)]	Loss: 1.829592	Score:  50.957%
(E2 237.257s T)	[912/2975 (31%)]	Loss: 1.821091	Score:  50.792%
(E2 237.800s T)	[928/2975 (31%)]	Loss: 1.873149	Score:  52.126%
(E2 238.323s T)	[944/2975 (32%)]	Loss: 1.726220	Score:  54.699%
(E2 238.868s T)	[960/2975 (32%)]	Loss: 1.840601	Score:  52.478%
(E2 239.387s T)	[976/2975 (33%)]	Loss: 1.932628	Score:  48.000%
(E2 239.928s T)	[992/2975 (33%)]	Loss: 1.869894	Score:  50.240%
(E2 240.457s T)	[1008/2975 (34%)]	Loss: 1.790178	Score:  50.139%
(E2 241.006s T)	[1024/2975 (34%)]	Loss: 1.767709	Score:  51.057%
(E2 241.517s T)	[1040/2975 (35%)]	Loss: 1.628102	Score:  58.727%
(E2 242.065s T)	[1056/2975 (35%)]	Loss: 1.772982	Score:  52.276%
(E2 242.583s T)	[1072/2975 (36%)]	Loss: 2.020964	Score:  51.168%
(E2 243.128s T)	[1088/2975 (37%)]	Loss: 1.954737	Score:  46.700%
(E2 243.662s T)	[1104/2975 (37%)]	Loss: 1.804507	Score:  54.141%
(E2 244.199s T)	[1120/2975 (38%)]	Loss: 1.697389	Score:  56.814%
(E2 244.748s T)	[1136/2975 (38%)]	Loss: 1.770690	Score:  53.450%
(E2 245.278s T)	[1152/2975 (39%)]	Loss: 2.089246	Score:  46.868%
(E2 245.802s T)	[1168/2975 (39%)]	Loss: 1.934875	Score:  49.238%
(E2 246.340s T)	[1184/2975 (40%)]	Loss: 1.855788	Score:  51.572%
(E2 247.736s T)	[1200/2975 (40%)]	Loss: 1.761186	Score:  51.707%
(E2 248.263s T)	[1216/2975 (41%)]	Loss: 1.682712	Score:  55.427%
(E2 248.772s T)	[1232/2975 (41%)]	Loss: 1.700469	Score:  53.723%
(E2 249.308s T)	[1248/2975 (42%)]	Loss: 1.812561	Score:  49.745%
(E2 249.824s T)	[1264/2975 (42%)]	Loss: 1.736028	Score:  54.434%
(E2 250.354s T)	[1280/2975 (43%)]	Loss: 1.772105	Score:  52.351%
(E2 250.902s T)	[1296/2975 (44%)]	Loss: 1.846832	Score:  51.472%
(E2 251.419s T)	[1312/2975 (44%)]	Loss: 1.865896	Score:  51.208%
(E2 251.955s T)	[1328/2975 (45%)]	Loss: 1.786483	Score:  53.840%
(E2 252.473s T)	[1344/2975 (45%)]	Loss: 1.802097	Score:  49.498%
(E2 253.028s T)	[1360/2975 (46%)]	Loss: 1.693711	Score:  56.285%
(E2 253.568s T)	[1376/2975 (46%)]	Loss: 1.719844	Score:  56.026%
(E2 254.095s T)	[1392/2975 (47%)]	Loss: 1.724918	Score:  56.562%
(E2 254.648s T)	[1408/2975 (47%)]	Loss: 1.764642	Score:  52.299%
(E2 255.188s T)	[1424/2975 (48%)]	Loss: 1.809090	Score:  53.431%
(E2 255.708s T)	[1440/2975 (48%)]	Loss: 1.784628	Score:  52.846%
(E2 256.275s T)	[1456/2975 (49%)]	Loss: 1.693327	Score:  55.481%
(E2 256.808s T)	[1472/2975 (49%)]	Loss: 1.760121	Score:  53.126%
(E2 257.348s T)	[1488/2975 (50%)]	Loss: 1.731838	Score:  54.519%
(E2 257.888s T)	[1504/2975 (51%)]	Loss: 1.897702	Score:  47.503%
(E2 259.269s T)	[1520/2975 (51%)]	Loss: 1.761729	Score:  53.724%
(E2 259.801s T)	[1536/2975 (52%)]	Loss: 1.772146	Score:  54.515%
(E2 260.315s T)	[1552/2975 (52%)]	Loss: 1.810955	Score:  51.334%
(E2 260.842s T)	[1568/2975 (53%)]	Loss: 1.796171	Score:  51.005%
(E2 261.360s T)	[1584/2975 (53%)]	Loss: 1.733833	Score:  52.157%
(E2 261.895s T)	[1600/2975 (54%)]	Loss: 1.801843	Score:  54.428%
(E2 262.430s T)	[1616/2975 (54%)]	Loss: 1.815777	Score:  51.726%
(E2 262.967s T)	[1632/2975 (55%)]	Loss: 1.772884	Score:  55.116%
(E2 263.491s T)	[1648/2975 (55%)]	Loss: 1.841634	Score:  54.621%
(E2 264.017s T)	[1664/2975 (56%)]	Loss: 1.875281	Score:  51.048%
(E2 264.548s T)	[1680/2975 (56%)]	Loss: 1.698257	Score:  54.491%
(E2 265.104s T)	[1696/2975 (57%)]	Loss: 1.936855	Score:  49.515%
(E2 265.659s T)	[1712/2975 (58%)]	Loss: 1.832582	Score:  51.156%
(E2 266.207s T)	[1728/2975 (58%)]	Loss: 1.734759	Score:  54.490%
(E2 266.739s T)	[1744/2975 (59%)]	Loss: 1.887104	Score:  51.176%
(E2 267.287s T)	[1760/2975 (59%)]	Loss: 1.680979	Score:  55.464%
(E2 267.822s T)	[1776/2975 (60%)]	Loss: 1.945175	Score:  50.448%
(E2 268.359s T)	[1792/2975 (60%)]	Loss: 1.819941	Score:  53.349%
(E2 268.902s T)	[1808/2975 (61%)]	Loss: 1.823985	Score:  51.677%
(E2 269.440s T)	[1824/2975 (61%)]	Loss: 1.925069	Score:  51.177%
(E2 270.805s T)	[1840/2975 (62%)]	Loss: 2.023117	Score:  45.846%
(E2 271.328s T)	[1856/2975 (62%)]	Loss: 1.821804	Score:  52.821%
(E2 271.848s T)	[1872/2975 (63%)]	Loss: 1.808795	Score:  51.203%
(E2 272.362s T)	[1888/2975 (63%)]	Loss: 1.771106	Score:  53.770%
(E2 272.878s T)	[1904/2975 (64%)]	Loss: 1.872818	Score:  49.743%
(E2 273.405s T)	[1920/2975 (65%)]	Loss: 1.770815	Score:  51.238%
(E2 273.924s T)	[1936/2975 (65%)]	Loss: 1.694168	Score:  55.500%
(E2 274.426s T)	[1952/2975 (66%)]	Loss: 1.793904	Score:  52.680%
(E2 274.921s T)	[1968/2975 (66%)]	Loss: 1.645544	Score:  53.961%
(E2 275.398s T)	[1984/2975 (67%)]	Loss: 1.815938	Score:  51.238%
(E2 275.876s T)	[2000/2975 (67%)]	Loss: 1.770447	Score:  51.564%
(E2 276.352s T)	[2016/2975 (68%)]	Loss: 2.042181	Score:  49.432%
(E2 276.830s T)	[2032/2975 (68%)]	Loss: 1.682661	Score:  56.308%
(E2 277.327s T)	[2048/2975 (69%)]	Loss: 1.774424	Score:  53.505%
(E2 277.804s T)	[2064/2975 (69%)]	Loss: 1.992747	Score:  45.573%
(E2 278.281s T)	[2080/2975 (70%)]	Loss: 1.747493	Score:  53.310%
(E2 278.758s T)	[2096/2975 (70%)]	Loss: 1.661112	Score:  58.130%
(E2 279.235s T)	[2112/2975 (71%)]	Loss: 1.639451	Score:  55.312%
(E2 279.712s T)	[2128/2975 (72%)]	Loss: 1.668682	Score:  52.215%
(E2 280.189s T)	[2144/2975 (72%)]	Loss: 1.619116	Score:  53.049%
(E2 281.110s T)	[2160/2975 (73%)]	Loss: 1.869272	Score:  52.704%
(E2 281.588s T)	[2176/2975 (73%)]	Loss: 1.839857	Score:  51.476%
(E2 282.065s T)	[2192/2975 (74%)]	Loss: 1.711190	Score:  56.281%
(E2 282.542s T)	[2208/2975 (74%)]	Loss: 1.989603	Score:  48.883%
(E2 283.019s T)	[2224/2975 (75%)]	Loss: 1.810718	Score:  51.272%
(E2 283.496s T)	[2240/2975 (75%)]	Loss: 1.872799	Score:  49.758%
(E2 283.973s T)	[2256/2975 (76%)]	Loss: 1.819935	Score:  54.534%
(E2 284.450s T)	[2272/2975 (76%)]	Loss: 1.676554	Score:  52.825%
(E2 284.928s T)	[2288/2975 (77%)]	Loss: 1.720186	Score:  54.076%
(E2 285.405s T)	[2304/2975 (77%)]	Loss: 1.866505	Score:  51.680%
(E2 285.882s T)	[2320/2975 (78%)]	Loss: 1.765721	Score:  54.179%
(E2 286.359s T)	[2336/2975 (78%)]	Loss: 1.805720	Score:  53.429%
(E2 286.836s T)	[2352/2975 (79%)]	Loss: 1.692616	Score:  56.961%
(E2 287.313s T)	[2368/2975 (80%)]	Loss: 1.640549	Score:  58.770%
(E2 287.791s T)	[2384/2975 (80%)]	Loss: 1.850891	Score:  50.863%
(E2 288.268s T)	[2400/2975 (81%)]	Loss: 1.758069	Score:  53.682%
(E2 288.745s T)	[2416/2975 (81%)]	Loss: 1.712206	Score:  55.468%
(E2 289.222s T)	[2432/2975 (82%)]	Loss: 1.712464	Score:  56.640%
(E2 289.699s T)	[2448/2975 (82%)]	Loss: 1.898261	Score:  53.357%
(E2 290.176s T)	[2464/2975 (83%)]	Loss: 1.725825	Score:  55.391%
(E2 291.098s T)	[2480/2975 (83%)]	Loss: 1.693413	Score:  58.351%
(E2 291.575s T)	[2496/2975 (84%)]	Loss: 1.648376	Score:  54.505%
(E2 292.052s T)	[2512/2975 (84%)]	Loss: 1.776583	Score:  51.852%
(E2 292.529s T)	[2528/2975 (85%)]	Loss: 1.938693	Score:  49.421%
(E2 293.006s T)	[2544/2975 (85%)]	Loss: 1.873757	Score:  53.199%
(E2 293.483s T)	[2560/2975 (86%)]	Loss: 1.691104	Score:  54.878%
(E2 293.960s T)	[2576/2975 (87%)]	Loss: 1.997598	Score:  51.765%
(E2 294.437s T)	[2592/2975 (87%)]	Loss: 1.668033	Score:  56.267%
(E2 294.916s T)	[2608/2975 (88%)]	Loss: 2.021972	Score:  46.186%
(E2 295.395s T)	[2624/2975 (88%)]	Loss: 1.881879	Score:  51.996%
(E2 295.872s T)	[2640/2975 (89%)]	Loss: 1.807811	Score:  54.682%
(E2 296.350s T)	[2656/2975 (89%)]	Loss: 1.487217	Score:  60.957%
(E2 296.827s T)	[2672/2975 (90%)]	Loss: 1.639229	Score:  57.440%
(E2 297.304s T)	[2688/2975 (90%)]	Loss: 1.726105	Score:  55.794%
(E2 297.781s T)	[2704/2975 (91%)]	Loss: 1.845601	Score:  53.318%
(E2 298.258s T)	[2720/2975 (91%)]	Loss: 1.709171	Score:  53.635%
(E2 298.735s T)	[2736/2975 (92%)]	Loss: 1.607480	Score:  57.901%
(E2 299.213s T)	[2752/2975 (92%)]	Loss: 1.779124	Score:  53.237%
(E2 299.690s T)	[2768/2975 (93%)]	Loss: 1.771779	Score:  51.415%
(E2 300.168s T)	[2784/2975 (94%)]	Loss: 1.921741	Score:  49.862%
(E2 301.098s T)	[2800/2975 (94%)]	Loss: 1.706766	Score:  54.935%
(E2 301.575s T)	[2816/2975 (95%)]	Loss: 1.781430	Score:  53.119%
(E2 302.052s T)	[2832/2975 (95%)]	Loss: 1.713801	Score:  56.935%
(E2 302.531s T)	[2848/2975 (96%)]	Loss: 1.718637	Score:  53.019%
(E2 303.008s T)	[2864/2975 (96%)]	Loss: 1.921446	Score:  52.229%
(E2 303.484s T)	[2880/2975 (97%)]	Loss: 1.743701	Score:  52.825%
(E2 303.962s T)	[2896/2975 (97%)]	Loss: 1.623319	Score:  58.632%
(E2 304.439s T)	[2912/2975 (98%)]	Loss: 1.555380	Score:  60.376%
(E2 304.918s T)	[2928/2975 (98%)]	Loss: 1.770510	Score:  56.327%
(E2 305.398s T)	[2944/2975 (99%)]	Loss: 1.629424	Score:  58.361%
(E2 305.847s T)	[2775/2975 (99%)]	Loss: 1.687606	Score:  55.134%
(E2 320.405s V)	[0/1000 (0%)]	Loss: 1.650580	Score:  59.482%
(E2 320.849s V)	[16/1000 (2%)]	Loss: 1.540174	Score:  62.392%
(E2 321.122s V)	[32/1000 (3%)]	Loss: 1.654765	Score:  59.098%
(E2 321.286s V)	[48/1000 (5%)]	Loss: 1.687056	Score:  59.102%
(E2 321.450s V)	[64/1000 (6%)]	Loss: 1.520275	Score:  63.039%
(E2 321.614s V)	[80/1000 (8%)]	Loss: 1.404611	Score:  64.459%
(E2 321.778s V)	[96/1000 (9%)]	Loss: 1.662398	Score:  57.486%
(E2 321.943s V)	[112/1000 (11%)]	Loss: 1.393033	Score:  63.987%
(E2 322.107s V)	[128/1000 (12%)]	Loss: 1.649281	Score:  59.555%
(E2 322.271s V)	[144/1000 (14%)]	Loss: 1.552136	Score:  61.080%
(E2 322.436s V)	[160/1000 (16%)]	Loss: 1.577536	Score:  60.316%
(E2 322.601s V)	[176/1000 (17%)]	Loss: 1.546541	Score:  61.214%
(E2 322.765s V)	[192/1000 (19%)]	Loss: 1.536133	Score:  60.161%
(E2 322.930s V)	[208/1000 (20%)]	Loss: 1.499187	Score:  60.594%
(E2 323.095s V)	[224/1000 (22%)]	Loss: 1.434701	Score:  63.533%
(E2 323.260s V)	[240/1000 (23%)]	Loss: 1.491269	Score:  63.628%
(E2 323.860s V)	[256/1000 (25%)]	Loss: 1.581072	Score:  61.529%
(E2 324.046s V)	[272/1000 (27%)]	Loss: 1.474659	Score:  62.846%
(E2 324.211s V)	[288/1000 (28%)]	Loss: 1.594475	Score:  61.645%
(E2 324.377s V)	[304/1000 (30%)]	Loss: 1.447557	Score:  62.549%
(E2 324.542s V)	[320/1000 (31%)]	Loss: 1.795505	Score:  56.780%
(E2 324.707s V)	[336/1000 (33%)]	Loss: 1.362684	Score:  65.932%
(E2 324.871s V)	[352/1000 (34%)]	Loss: 1.595499	Score:  62.396%
(E2 325.036s V)	[368/1000 (36%)]	Loss: 1.566739	Score:  61.846%
(E2 325.203s V)	[384/1000 (38%)]	Loss: 1.635444	Score:  61.930%
(E2 325.367s V)	[400/1000 (39%)]	Loss: 1.401684	Score:  63.994%
(E2 325.531s V)	[416/1000 (41%)]	Loss: 1.580082	Score:  62.122%
(E2 325.696s V)	[432/1000 (42%)]	Loss: 1.587571	Score:  61.031%
(E2 325.861s V)	[448/1000 (44%)]	Loss: 1.533565	Score:  61.538%
(E2 326.026s V)	[464/1000 (45%)]	Loss: 1.598502	Score:  60.902%
(E2 326.191s V)	[480/1000 (47%)]	Loss: 1.786190	Score:  58.996%
(E2 326.237s V)	[124/1000 (48%)]	Loss: 1.551297	Score:  57.193%
(E2 340.974s V)	[512/1000 (50%)]	Loss: 1.460220	Score:  63.414%
(E2 341.390s V)	[528/1000 (52%)]	Loss: 1.519778	Score:  61.970%
(E2 341.614s V)	[544/1000 (53%)]	Loss: 1.540957	Score:  62.134%
(E2 341.778s V)	[560/1000 (55%)]	Loss: 1.453862	Score:  63.419%
(E2 342.374s V)	[576/1000 (56%)]	Loss: 1.671091	Score:  59.904%
(E2 342.557s V)	[592/1000 (58%)]	Loss: 1.567287	Score:  60.401%
(E2 342.722s V)	[608/1000 (59%)]	Loss: 1.494387	Score:  62.389%
(E2 342.886s V)	[624/1000 (61%)]	Loss: 1.427309	Score:  64.375%
(E2 343.050s V)	[640/1000 (62%)]	Loss: 1.547213	Score:  62.169%
(E2 343.214s V)	[656/1000 (64%)]	Loss: 1.548556	Score:  60.391%
(E2 343.380s V)	[672/1000 (66%)]	Loss: 1.605120	Score:  59.367%
(E2 343.545s V)	[688/1000 (67%)]	Loss: 1.554564	Score:  62.301%
(E2 343.711s V)	[704/1000 (69%)]	Loss: 1.569875	Score:  61.646%
(E2 343.875s V)	[720/1000 (70%)]	Loss: 1.584271	Score:  60.924%
(E2 344.040s V)	[736/1000 (72%)]	Loss: 1.679511	Score:  59.740%
(E2 344.204s V)	[752/1000 (73%)]	Loss: 1.681694	Score:  59.448%
(E2 344.369s V)	[768/1000 (75%)]	Loss: 1.707453	Score:  58.905%
(E2 344.534s V)	[784/1000 (77%)]	Loss: 1.658792	Score:  58.472%
(E2 344.699s V)	[800/1000 (78%)]	Loss: 1.602030	Score:  60.896%
(E2 344.864s V)	[816/1000 (80%)]	Loss: 1.594827	Score:  58.178%
(E2 345.029s V)	[832/1000 (81%)]	Loss: 1.714004	Score:  58.611%
(E2 345.194s V)	[848/1000 (83%)]	Loss: 1.530612	Score:  62.750%
(E2 345.359s V)	[864/1000 (84%)]	Loss: 1.401380	Score:  62.967%
(E2 345.524s V)	[880/1000 (86%)]	Loss: 1.431640	Score:  62.706%
(E2 346.120s V)	[896/1000 (88%)]	Loss: 1.730551	Score:  58.392%
(E2 346.304s V)	[912/1000 (89%)]	Loss: 1.514560	Score:  63.204%
(E2 346.470s V)	[928/1000 (91%)]	Loss: 1.466399	Score:  64.115%
(E2 346.635s V)	[944/1000 (92%)]	Loss: 1.565226	Score:  63.085%
(E2 346.800s V)	[960/1000 (94%)]	Loss: 1.470407	Score:  62.864%
(E2 346.965s V)	[976/1000 (95%)]	Loss: 1.625220	Score:  60.553%
(E2 347.130s V)	[992/1000 (97%)]	Loss: 1.437289	Score:  64.928%
(E2 347.176s V)	[252/1000 (98%)]	Loss: 1.442828	Score:  61.609%
graph(%0 : Float(4, 3, 256, 256),
      %1 : Float(75, 3, 3, 3),
      %2 : Float(75),
      %3 : Float(75, 75, 3, 3),
      %4 : Float(75),
      %5 : Float(150, 75, 3, 3),
      %6 : Float(150),
      %7 : Float(150, 150, 3, 3),
      %8 : Float(150),
      %9 : Float(300, 150, 3, 3),
      %10 : Float(300),
      %11 : Float(300, 300, 3, 3),
      %12 : Float(300),
      %13 : Float(300, 150, 4, 4),
      %14 : Float(150),
      %15 : Float(150, 75, 4, 4),
      %16 : Float(75),
      %17 : Float(150, 300, 3, 3),
      %18 : Float(150),
      %19 : Float(150, 150, 3, 3),
      %20 : Float(150),
      %21 : Float(75, 150, 3, 3),
      %22 : Float(75),
      %23 : Float(30, 75, 3, 3),
      %24 : Float(30)):
  %25 : Float(4, 75, 256, 256) = onnx::Conv[dilations=[1, 1], group=1, kernel_shape=[3, 3], pads=[1, 1, 1, 1], strides=[1, 1]](%0, %1, %2), scope: FCN/Sequential/Conv2d[0]
  %26 : Float(4, 75, 256, 256) = onnx::Relu(%25), scope: FCN/Sequential/ReLU[1]
  %27 : Float(4, 75, 256, 256) = onnx::Conv[dilations=[1, 1], group=1, kernel_shape=[3, 3], pads=[1, 1, 1, 1], strides=[1, 1]](%26, %3, %4), scope: FCN/Sequential/Conv2d[2]
  %28 : Float(4, 75, 256, 256) = onnx::Relu(%27), scope: FCN/Sequential/ReLU[3]
  %29 : Float(4, 75, 128, 128) = onnx::MaxPool[kernel_shape=[2, 2], pads=[0, 0, 0, 0], strides=[2, 2]](%28), scope: FCN/MaxPool2d
  %30 : Float(4, 150, 128, 128) = onnx::Conv[dilations=[1, 1], group=1, kernel_shape=[3, 3], pads=[1, 1, 1, 1], strides=[1, 1]](%29, %5, %6), scope: FCN/Sequential/Conv2d[0]
  %31 : Float(4, 150, 128, 128) = onnx::Relu(%30), scope: FCN/Sequential/ReLU[1]
  %32 : Float(4, 150, 128, 128) = onnx::Conv[dilations=[1, 1], group=1, kernel_shape=[3, 3], pads=[1, 1, 1, 1], strides=[1, 1]](%31, %7, %8), scope: FCN/Sequential/Conv2d[2]
  %33 : Float(4, 150, 128, 128) = onnx::Relu(%32), scope: FCN/Sequential/ReLU[3]
  %34 : Float(4, 150, 64, 64) = onnx::MaxPool[kernel_shape=[2, 2], pads=[0, 0, 0, 0], strides=[2, 2]](%33), scope: FCN/MaxPool2d
  %35 : Float(4, 300, 64, 64) = onnx::Conv[dilations=[1, 1], group=1, kernel_shape=[3, 3], pads=[1, 1, 1, 1], strides=[1, 1]](%34, %9, %10), scope: FCN/Sequential[intermediate]/Conv2d[0]
  %36 : Float(4, 300, 64, 64) = onnx::Relu(%35), scope: FCN/Sequential[intermediate]/ReLU[1]
  %37 : Float(4, 300, 64, 64) = onnx::Conv[dilations=[1, 1], group=1, kernel_shape=[3, 3], pads=[1, 1, 1, 1], strides=[1, 1]](%36, %11, %12), scope: FCN/Sequential[intermediate]/Conv2d[2]
  %38 : Float(4, 300, 64, 64) = onnx::Relu(%37), scope: FCN/Sequential[intermediate]/ReLU[3]
  %39 : Float(4, 150, 128, 128) = onnx::ConvTranspose[dilations=[1, 1], group=1, kernel_shape=[4, 4], pads=[1, 1, 1, 1], strides=[2, 2]](%38, %13, %14), scope: FCN/ConvTranspose2d
  %40 : Float(4, 300, 128, 128) = onnx::Concat[axis=1](%39, %33), scope: FCN
  %41 : Float(4, 150, 128, 128) = onnx::Conv[dilations=[1, 1], group=1, kernel_shape=[3, 3], pads=[1, 1, 1, 1], strides=[1, 1]](%40, %17, %18), scope: FCN/Sequential/Conv2d[0]
  %42 : Float(4, 150, 128, 128) = onnx::Relu(%41), scope: FCN/Sequential/ReLU[1]
  %43 : Float(4, 150, 128, 128) = onnx::Conv[dilations=[1, 1], group=1, kernel_shape=[3, 3], pads=[1, 1, 1, 1], strides=[1, 1]](%42, %19, %20), scope: FCN/Sequential/Conv2d[2]
  %44 : Float(4, 150, 128, 128) = onnx::Relu(%43), scope: FCN/Sequential/ReLU[3]
  %45 : Float(4, 75, 256, 256) = onnx::ConvTranspose[dilations=[1, 1], group=1, kernel_shape=[4, 4], pads=[1, 1, 1, 1], strides=[2, 2]](%44, %15, %16), scope: FCN/ConvTranspose2d
  %46 : Float(4, 150, 256, 256) = onnx::Concat[axis=1](%45, %28), scope: FCN
  %47 : Float(4, 75, 256, 256) = onnx::Conv[dilations=[1, 1], group=1, kernel_shape=[3, 3], pads=[1, 1, 1, 1], strides=[1, 1]](%46, %21, %22), scope: FCN/Sequential/Conv2d[0]
  %48 : Float(4, 75, 256, 256) = onnx::Relu(%47), scope: FCN/Sequential/ReLU[1]
  %49 : Float(4, 30, 256, 256) = onnx::Conv[dilations=[1, 1], group=1, kernel_shape=[3, 3], pads=[1, 1, 1, 1], strides=[1, 1]](%48, %23, %24), scope: FCN/Sequential/Conv2d[2]
  %50 : Float(4, 30, 256, 256) = onnx::Relu(%49), scope: FCN/Sequential/ReLU[3]
  return (%50)


Test set: Average loss: 1.5577, Score: (61.38%)

Saving the model serialization to /home/mb385130/task2/model-epoch-1
Saving the model serialization to /home/mb385130/task2/model
